{"/Users/nominboldbaatar/Desktop/TESTING-COURSE/src/async.js": {"path":"/Users/nominboldbaatar/Desktop/TESTING-COURSE/src/async.js","statementMap":{"0":{"start":{"line":1,"column":14},"end":{"line":1,"column":35}},"1":{"start":{"line":3,"column":21},"end":{"line":18,"column":1}},"2":{"start":{"line":4,"column":4},"end":{"line":17,"column":7}},"3":{"start":{"line":5,"column":8},"end":{"line":16,"column":15}},"4":{"start":{"line":6,"column":25},"end":{"line":6,"column":58}},"5":{"start":{"line":6,"column":44},"end":{"line":6,"column":57}},"6":{"start":{"line":8,"column":12},"end":{"line":10,"column":13}},"7":{"start":{"line":9,"column":16},"end":{"line":9,"column":79}},"8":{"start":{"line":12,"column":12},"end":{"line":15,"column":15}},"9":{"start":{"line":20,"column":24},"end":{"line":35,"column":1}},"10":{"start":{"line":21,"column":4},"end":{"line":34,"column":6}},"11":{"start":{"line":22,"column":8},"end":{"line":33,"column":14}},"12":{"start":{"line":23,"column":25},"end":{"line":23,"column":64}},"13":{"start":{"line":23,"column":44},"end":{"line":23,"column":63}},"14":{"start":{"line":25,"column":12},"end":{"line":27,"column":13}},"15":{"start":{"line":26,"column":16},"end":{"line":26,"column":85}},"16":{"start":{"line":29,"column":12},"end":{"line":32,"column":15}},"17":{"start":{"line":37,"column":0},"end":{"line":39,"column":1}}},"fnMap":{"0":{"name":"(anonymous_0)","decl":{"start":{"line":3,"column":21},"end":{"line":3,"column":22}},"loc":{"start":{"line":3,"column":28},"end":{"line":18,"column":1}},"line":3},"1":{"name":"(anonymous_1)","decl":{"start":{"line":4,"column":23},"end":{"line":4,"column":24}},"loc":{"start":{"line":4,"column":42},"end":{"line":17,"column":5}},"line":4},"2":{"name":"(anonymous_2)","decl":{"start":{"line":5,"column":19},"end":{"line":5,"column":20}},"loc":{"start":{"line":5,"column":23},"end":{"line":16,"column":9}},"line":5},"3":{"name":"(anonymous_3)","decl":{"start":{"line":6,"column":36},"end":{"line":6,"column":37}},"loc":{"start":{"line":6,"column":44},"end":{"line":6,"column":57}},"line":6},"4":{"name":"(anonymous_4)","decl":{"start":{"line":20,"column":24},"end":{"line":20,"column":25}},"loc":{"start":{"line":20,"column":33},"end":{"line":35,"column":1}},"line":20},"5":{"name":"(anonymous_5)","decl":{"start":{"line":21,"column":23},"end":{"line":21,"column":24}},"loc":{"start":{"line":21,"column":43},"end":{"line":34,"column":5}},"line":21},"6":{"name":"(anonymous_6)","decl":{"start":{"line":22,"column":19},"end":{"line":22,"column":20}},"loc":{"start":{"line":22,"column":23},"end":{"line":33,"column":9}},"line":22},"7":{"name":"(anonymous_7)","decl":{"start":{"line":23,"column":36},"end":{"line":23,"column":37}},"loc":{"start":{"line":23,"column":44},"end":{"line":23,"column":63}},"line":23}},"branchMap":{"0":{"loc":{"start":{"line":8,"column":12},"end":{"line":10,"column":13}},"type":"if","locations":[{"start":{"line":8,"column":12},"end":{"line":10,"column":13}},{"start":{"line":8,"column":12},"end":{"line":10,"column":13}}],"line":8},"1":{"loc":{"start":{"line":25,"column":12},"end":{"line":27,"column":13}},"type":"if","locations":[{"start":{"line":25,"column":12},"end":{"line":27,"column":13}},{"start":{"line":25,"column":12},"end":{"line":27,"column":13}}],"line":25}},"s":{"0":1,"1":1,"2":3,"3":3,"4":3,"5":5,"6":3,"7":1,"8":2,"9":1,"10":3,"11":3,"12":3,"13":5,"14":3,"15":1,"16":2,"17":1},"f":{"0":3,"1":3,"2":3,"3":5,"4":3,"5":3,"6":3,"7":5},"b":{"0":[1,2],"1":[1,2]},"_coverageSchema":"43e27e138ebf9cfc5966b082cf9a028302ed4184","hash":"c9895cf2165cae198253148845a10112ded56836"}
,"/Users/nominboldbaatar/Desktop/TESTING-COURSE/src/index.js": {"path":"/Users/nominboldbaatar/Desktop/TESTING-COURSE/src/index.js","statementMap":{"0":{"start":{"line":2,"column":4},"end":{"line":4,"column":5}},"1":{"start":{"line":3,"column":8},"end":{"line":3,"column":60}},"2":{"start":{"line":5,"column":4},"end":{"line":5,"column":23}},"3":{"start":{"line":8,"column":0},"end":{"line":10,"column":1}}},"fnMap":{"0":{"name":"add","decl":{"start":{"line":1,"column":9},"end":{"line":1,"column":12}},"loc":{"start":{"line":1,"column":25},"end":{"line":6,"column":1}},"line":1}},"branchMap":{"0":{"loc":{"start":{"line":2,"column":4},"end":{"line":4,"column":5}},"type":"if","locations":[{"start":{"line":2,"column":4},"end":{"line":4,"column":5}},{"start":{"line":2,"column":4},"end":{"line":4,"column":5}}],"line":2},"1":{"loc":{"start":{"line":2,"column":7},"end":{"line":2,"column":21}},"type":"binary-expr","locations":[{"start":{"line":2,"column":7},"end":{"line":2,"column":12}},{"start":{"line":2,"column":16},"end":{"line":2,"column":21}}],"line":2}},"s":{"0":2,"1":1,"2":1,"3":1},"f":{"0":2},"b":{"0":[1,1],"1":[2,1]},"_coverageSchema":"43e27e138ebf9cfc5966b082cf9a028302ed4184","hash":"1b8746588b59dc1d57f2c21bf35742e91c74ccbe"}
,"/Users/nominboldbaatar/Desktop/TESTING-COURSE/src/query.js": {"path":"/Users/nominboldbaatar/Desktop/TESTING-COURSE/src/query.js","statementMap":{"0":{"start":{"line":2,"column":14},"end":{"line":15,"column":1}},"1":{"start":{"line":3,"column":1},"end":{"line":5,"column":2}},"2":{"start":{"line":4,"column":2},"end":{"line":4,"column":40}},"3":{"start":{"line":6,"column":15},"end":{"line":6,"column":37}},"4":{"start":{"line":7,"column":16},"end":{"line":7,"column":18}},"5":{"start":{"line":9,"column":1},"end":{"line":12,"column":3}},"6":{"start":{"line":10,"column":22},"end":{"line":10,"column":38}},"7":{"start":{"line":11,"column":2},"end":{"line":11,"column":41}},"8":{"start":{"line":14,"column":1},"end":{"line":14,"column":14}},"9":{"start":{"line":17,"column":20},"end":{"line":21,"column":1}},"10":{"start":{"line":18,"column":1},"end":{"line":18,"column":100}},"11":{"start":{"line":18,"column":35},"end":{"line":18,"column":99}},"12":{"start":{"line":20,"column":1},"end":{"line":20,"column":11}},"13":{"start":{"line":24,"column":18},"end":{"line":32,"column":1}},"14":{"start":{"line":25,"column":1},"end":{"line":25,"column":39}},"15":{"start":{"line":26,"column":19},"end":{"line":26,"column":21}},"16":{"start":{"line":27,"column":1},"end":{"line":29,"column":2}},"17":{"start":{"line":28,"column":2},"end":{"line":28,"column":67}},"18":{"start":{"line":31,"column":1},"end":{"line":31,"column":32}},"19":{"start":{"line":34,"column":0},"end":{"line":37,"column":1}}},"fnMap":{"0":{"name":"(anonymous_0)","decl":{"start":{"line":2,"column":14},"end":{"line":2,"column":15}},"loc":{"start":{"line":2,"column":31},"end":{"line":15,"column":1}},"line":2},"1":{"name":"(anonymous_1)","decl":{"start":{"line":9,"column":17},"end":{"line":9,"column":18}},"loc":{"start":{"line":9,"column":26},"end":{"line":12,"column":2}},"line":9},"2":{"name":"(anonymous_2)","decl":{"start":{"line":17,"column":20},"end":{"line":17,"column":21}},"loc":{"start":{"line":17,"column":29},"end":{"line":21,"column":1}},"line":17},"3":{"name":"(anonymous_3)","decl":{"start":{"line":18,"column":26},"end":{"line":18,"column":27}},"loc":{"start":{"line":18,"column":35},"end":{"line":18,"column":99}},"line":18},"4":{"name":"(anonymous_4)","decl":{"start":{"line":24,"column":18},"end":{"line":24,"column":19}},"loc":{"start":{"line":24,"column":35},"end":{"line":32,"column":1}},"line":24}},"branchMap":{"0":{"loc":{"start":{"line":3,"column":1},"end":{"line":5,"column":2}},"type":"if","locations":[{"start":{"line":3,"column":1},"end":{"line":5,"column":2}},{"start":{"line":3,"column":1},"end":{"line":5,"column":2}}],"line":3},"1":{"loc":{"start":{"line":18,"column":35},"end":{"line":18,"column":99}},"type":"binary-expr","locations":[{"start":{"line":18,"column":36},"end":{"line":18,"column":53}},{"start":{"line":18,"column":57},"end":{"line":18,"column":79}},{"start":{"line":18,"column":84},"end":{"line":18,"column":99}}],"line":18}},"s":{"0":1,"1":2,"2":1,"3":2,"4":2,"5":2,"6":4,"7":4,"8":2,"9":1,"10":2,"11":8,"12":2,"13":1,"14":2,"15":2,"16":2,"17":6,"18":2,"19":1},"f":{"0":2,"1":4,"2":2,"3":8,"4":2},"b":{"0":[1,1],"1":[8,7,2]},"_coverageSchema":"43e27e138ebf9cfc5966b082cf9a028302ed4184","hash":"ba5b3cabc5388daf9eb09f2033373ef335a6873f"}
,"/Users/nominboldbaatar/Desktop/TESTING-COURSE/src/db/users.js": {"path":"/Users/nominboldbaatar/Desktop/TESTING-COURSE/src/db/users.js","statementMap":{"0":{"start":{"line":1,"column":0},"end":{"line":19,"column":2}}},"fnMap":{},"branchMap":{},"s":{"0":1},"f":{},"b":{},"_coverageSchema":"43e27e138ebf9cfc5966b082cf9a028302ed4184","hash":"4c03855eeea1b2fa1021f3a56ebe281b65470633"}
}
